This is e-upTeX, Version 3.141592653-p4.1.0-u1.29-230214-2.6 (utf8.sjis) (TeX Live 2023) (preloaded format=platex 2023.11.24)  27 NOV 2023 21:45
entering extended mode
 restricted \write18 enabled.
 %&-line parsing enabled.
** 耽^f1^^8fo用_01_13.tex
(c:/texlive/2023/texmf-dist/tex/latex/tools/q.tex
pLaTeX2e <2023-02-14>+1, based on
LaTeX2e <2023-11-01>
L3 programming layer <2023-11-09>
File ignored
)
! Emergency stop.
<*>  耽^f1^^8fo用_01_13.tex
                           
*** (job aborted, no legal \end found)

 
Here is how much of TeX's memory you used:
 19 strings out of 474925
 447 string characters out of 5765769
 1916403 words of memory out of 5000000
 22329 multiletter control sequences out of 15000+600000
 561940 words of font info for 53 fonts, out of 8000000 for 9000
 929 hyphenation exceptions out of 8191
 15i,0n,23p,103b,18s stack positions out of 10000i,1000n,20000p,200000b,200000s
No pages of output.
